mode: set
github.com/SniderLabs/stl/stl.go:50.36,52.2 1 0
github.com/SniderLabs/stl/stl.go:54.66,62.2 2 1
github.com/SniderLabs/stl/stl.go:64.36,65.6 1 1
github.com/SniderLabs/stl/stl.go:65.6,66.10 1 1
github.com/SniderLabs/stl/stl.go:67.3,68.15 1 1
github.com/SniderLabs/stl/stl.go:69.3,71.22 2 1
github.com/SniderLabs/stl/stl.go:71.22,73.5 1 1
github.com/SniderLabs/stl/stl.go:78.33,79.27 1 1
github.com/SniderLabs/stl/stl.go:82.2,84.10 3 1
github.com/SniderLabs/stl/stl.go:79.27,81.3 1 0
github.com/SniderLabs/stl/stl.go:88.26,90.2 1 0
github.com/SniderLabs/stl/stl.go:92.26,94.2 1 1
github.com/SniderLabs/stl/stl.go:96.29,100.2 3 0
github.com/SniderLabs/stl/stl.go:102.43,103.45 1 1
github.com/SniderLabs/stl/stl.go:106.2,107.14 2 1
github.com/SniderLabs/stl/stl.go:103.45,105.3 1 1
github.com/SniderLabs/stl/stl.go:110.46,112.46 2 1
github.com/SniderLabs/stl/stl.go:115.2,116.15 2 1
github.com/SniderLabs/stl/stl.go:112.46,114.3 1 1
github.com/SniderLabs/stl/stl.go:119.52,120.69 1 1
github.com/SniderLabs/stl/stl.go:124.2,124.14 1 1
github.com/SniderLabs/stl/stl.go:120.69,123.3 2 1
github.com/SniderLabs/stl/stl.go:127.32,130.2 2 1
github.com/SniderLabs/stl/stl.go:132.68,135.2 2 1
github.com/SniderLabs/stl/stl.go:137.37,139.31 2 1
github.com/SniderLabs/stl/stl.go:142.2,142.20 1 1
github.com/SniderLabs/stl/stl.go:148.2,148.13 1 1
github.com/SniderLabs/stl/stl.go:139.31,141.3 1 0
github.com/SniderLabs/stl/stl.go:142.20,144.32 2 0
github.com/SniderLabs/stl/stl.go:144.32,146.4 1 0
github.com/SniderLabs/stl/stl.go:151.36,153.25 2 1
github.com/SniderLabs/stl/stl.go:173.2,174.33 2 1
github.com/SniderLabs/stl/stl.go:177.2,178.34 2 1
github.com/SniderLabs/stl/stl.go:181.2,183.19 3 1
github.com/SniderLabs/stl/stl.go:153.25,155.33 2 1
github.com/SniderLabs/stl/stl.go:158.3,159.26 2 1
github.com/SniderLabs/stl/stl.go:171.3,171.50 1 1
github.com/SniderLabs/stl/stl.go:155.33,157.4 1 0
github.com/SniderLabs/stl/stl.go:159.26,162.25 3 1
github.com/SniderLabs/stl/stl.go:165.4,166.18 2 1
github.com/SniderLabs/stl/stl.go:169.4,169.23 1 1
github.com/SniderLabs/stl/stl.go:162.25,164.5 1 0
github.com/SniderLabs/stl/stl.go:166.18,168.5 1 0
github.com/SniderLabs/stl/stl.go:174.33,176.3 1 0
github.com/SniderLabs/stl/stl.go:178.34,180.3 1 0
github.com/SniderLabs/stl/stl.go:186.35,188.31 2 1
github.com/SniderLabs/stl/stl.go:194.2,195.32 2 1
github.com/SniderLabs/stl/stl.go:200.2,201.23 2 1
github.com/SniderLabs/stl/stl.go:204.2,205.23 2 1
github.com/SniderLabs/stl/stl.go:208.2,209.23 2 1
github.com/SniderLabs/stl/stl.go:212.2,214.31 2 1
github.com/SniderLabs/stl/stl.go:217.2,218.30 2 1
github.com/SniderLabs/stl/stl.go:221.2,221.20 1 1
github.com/SniderLabs/stl/stl.go:188.31,189.34 1 1
github.com/SniderLabs/stl/stl.go:192.3,192.99 1 1
github.com/SniderLabs/stl/stl.go:189.34,191.4 1 1
github.com/SniderLabs/stl/stl.go:195.32,197.3 1 0
github.com/SniderLabs/stl/stl.go:201.23,203.3 1 0
github.com/SniderLabs/stl/stl.go:205.23,207.3 1 0
github.com/SniderLabs/stl/stl.go:209.23,211.3 1 0
github.com/SniderLabs/stl/stl.go:214.31,216.3 1 0
github.com/SniderLabs/stl/stl.go:218.30,220.3 1 0
github.com/SniderLabs/stl/stl.go:224.40,228.18 4 1
github.com/SniderLabs/stl/stl.go:232.2,233.19 2 1
github.com/SniderLabs/stl/stl.go:228.18,231.3 2 0
github.com/SniderLabs/stl/stl.go:237.47,241.26 4 1
github.com/SniderLabs/stl/stl.go:245.2,245.19 1 1
github.com/SniderLabs/stl/stl.go:248.2,248.20 1 1
github.com/SniderLabs/stl/stl.go:241.26,244.3 2 1
github.com/SniderLabs/stl/stl.go:245.19,247.3 1 1
github.com/SniderLabs/stl/stl.go:252.48,254.19 1 1
github.com/SniderLabs/stl/stl.go:257.2,258.18 2 1
github.com/SniderLabs/stl/stl.go:261.2,269.16 8 1
github.com/SniderLabs/stl/stl.go:272.2,273.44 2 1
github.com/SniderLabs/stl/stl.go:297.2,297.20 1 1
github.com/SniderLabs/stl/stl.go:254.19,256.3 1 0
github.com/SniderLabs/stl/stl.go:258.18,260.3 1 0
github.com/SniderLabs/stl/stl.go:269.16,271.3 1 0
github.com/SniderLabs/stl/stl.go:273.44,275.26 2 1
github.com/SniderLabs/stl/stl.go:281.3,281.26 1 1
github.com/SniderLabs/stl/stl.go:290.3,292.17 3 1
github.com/SniderLabs/stl/stl.go:275.26,277.18 2 1
github.com/SniderLabs/stl/stl.go:277.18,279.5 1 0
github.com/SniderLabs/stl/stl.go:281.26,282.27 1 1
github.com/SniderLabs/stl/stl.go:288.4,288.48 1 1
github.com/SniderLabs/stl/stl.go:282.27,284.19 2 1
github.com/SniderLabs/stl/stl.go:284.19,286.6 1 0
github.com/SniderLabs/stl/stl.go:292.17,294.4 1 0
github.com/SniderLabs/stl/stl.go:301.49,303.16 2 0
github.com/SniderLabs/stl/stl.go:306.2,306.27 1 0
github.com/SniderLabs/stl/stl.go:303.16,305.3 1 0
github.com/SniderLabs/stl/stl.go:310.50,311.18 1 1
github.com/SniderLabs/stl/stl.go:314.2,314.33 1 1
github.com/SniderLabs/stl/stl.go:325.2,325.25 1 1
github.com/SniderLabs/stl/stl.go:311.18,313.3 1 1
github.com/SniderLabs/stl/stl.go:314.33,316.17 2 1
github.com/SniderLabs/stl/stl.go:323.3,323.17 1 1
github.com/SniderLabs/stl/stl.go:316.17,318.19 2 1
github.com/SniderLabs/stl/stl.go:321.4,321.20 1 1
github.com/SniderLabs/stl/stl.go:318.19,320.5 1 0
